2019-07-22T21:36:55+00:00 DEBUG 
====Stripe Version: 4.1.14====
====Start Log====
Keys are not set correctly.
====End Log====


2019-07-22T21:38:30+00:00 DEBUG 
====Stripe Version: 4.1.14====
====Start Log====
Keys are not set correctly.
====End Log====


2019-07-22T21:40:28+00:00 DEBUG 
====Stripe Version: 4.1.14====
====Start Log====
Keys are not set correctly.
====End Log====


2019-07-22T21:40:59+00:00 DEBUG 
====Stripe Version: 4.1.14====
====Start Log====
Keys are not set correctly.
====End Log====


2019-07-22T23:21:05+00:00 DEBUG 
====Stripe Version: 4.1.14====
====Start Log====
Keys are not set correctly.
====End Log====


